<?xml version="1.0" encoding="UTF-8"?>
<testng-results ignored="0" total="1" passed="1" failed="0" skipped="0">
  <reporter-output>
  </reporter-output>
  <suite started-at="2025-12-05T13:41:33 IST" name="AutomationSuite" finished-at="2025-12-05T13:41:48 IST" duration-ms="14782">
    <groups>
    </groups>
    <test started-at="2025-12-05T13:41:33 IST" name="SampleTest" finished-at="2025-12-05T13:41:48 IST" duration-ms="14782">
      <class name="com.example.tests.GoogleTest">
        <test-method is-config="true" signature="setup()[pri:0, instance:com.example.tests.GoogleTest@57bc27f5]" started-at="2025-12-05T13:41:33 IST" name="setup" finished-at="2025-12-05T13:41:37 IST" duration-ms="3960" status="PASS">
          <reporter-output>
          </reporter-output>
        </test-method> <!-- setup -->
        <test-method signature="searchTest()[pri:0, instance:com.example.tests.GoogleTest@57bc27f5]" started-at="2025-12-05T13:41:37 IST" name="searchTest" finished-at="2025-12-05T13:41:47 IST" duration-ms="10109" status="PASS">
          <reporter-output>
          </reporter-output>
        </test-method> <!-- searchTest -->
        <test-method is-config="true" signature="teardown()[pri:0, instance:com.example.tests.GoogleTest@57bc27f5]" started-at="2025-12-05T13:41:47 IST" name="teardown" finished-at="2025-12-05T13:41:48 IST" duration-ms="391" status="PASS">
          <reporter-output>
          </reporter-output>
        </test-method> <!-- teardown -->
      </class> <!-- com.example.tests.GoogleTest -->
    </test> <!-- SampleTest -->
  </suite> <!-- AutomationSuite -->
</testng-results>
